2024-12-16 23:59:46 [ERROR]: Unhandled Error: template not found: 404.html
2024-12-17 08:38:46 [ERROR]: Unhandled Error: template not found: 404.html
2024-12-17 08:45:02 [ERROR]: Error fetching category from Strapi: category is not defined
2024-12-17 08:45:02 [ERROR]: Error fetching categories: category is not defined
2024-12-17 08:45:02 [ERROR]: Unhandled Error: template not found: error.html
2024-12-17 08:45:36 [ERROR]: Error fetching category from Strapi: standards is not defined
2024-12-17 08:45:36 [ERROR]: Error fetching categories: standards is not defined
2024-12-17 08:45:36 [ERROR]: Unhandled Error: template not found: error.html
2024-12-17 08:46:01 [ERROR]: Error fetching category from Strapi: standards is not defined
2024-12-17 08:46:01 [ERROR]: Error fetching categories: standards is not defined
2024-12-17 08:46:01 [ERROR]: Unhandled Error: template not found: error.html
2024-12-17 08:46:25 [ERROR]: Error fetching category from Strapi: standards is not defined
2024-12-17 08:46:25 [ERROR]: Error fetching categories: standards is not defined
2024-12-17 08:46:25 [ERROR]: Unhandled Error: template not found: error.html
2024-12-17 08:49:03 [ERROR]: Error fetching category from Strapi: standards is not defined
2024-12-17 08:49:03 [ERROR]: Error fetching categories: standards is not defined
2024-12-17 08:49:03 [ERROR]: Unhandled Error: template not found: error.html
2024-12-17 11:06:25 [ERROR]: Unhandled Error: (/Users/andyjones/dfe-standards/dfe-standards-manual/app/views/categories/index.html) [Line 6, Column 4]
  unknown block tag: pagePath
2024-12-17 11:06:27 [ERROR]: Unhandled Error: (/Users/andyjones/dfe-standards/dfe-standards-manual/app/views/categories/index.html) [Line 6, Column 4]
  unknown block tag: pagePath
2024-12-17 11:14:49 [ERROR]: Unhandled Error: (/Users/andyjones/dfe-standards/dfe-standards-manual/app/views/index.html) [Line 3, Column 4]
  unknown block tag: pagePath
2024-12-17 11:24:55 [ERROR]: Unhandled Error: template not found: 404.html
2024-12-17 11:33:37 [ERROR]: Unhandled Error: template not found: 404.html
2024-12-17 11:49:52 [ERROR]: Unhandled Error: template not found: 404.html
2024-12-17 11:55:07 [ERROR]: Error fetching standards from Strapi: 
2024-12-17 11:55:07 [ERROR]: Error fetching standards:
2024-12-17 11:55:07 [ERROR]: Unhandled Error: template not found: error.html
2024-12-17 11:55:41 [ERROR]: Error fetching standards from Strapi: 
2024-12-17 11:55:41 [ERROR]: Error fetching standards:
2024-12-17 11:55:41 [ERROR]: Unhandled Error: template not found: error.html
2024-12-17 11:56:48 [ERROR]: Error fetching standards from Strapi: 
2024-12-17 11:56:48 [ERROR]: Error fetching standards:
2024-12-17 11:56:48 [ERROR]: Unhandled Error: template not found: error.html
2024-12-17 11:56:49 [ERROR]: Error fetching standards from Strapi: 
2024-12-17 11:56:49 [ERROR]: Error fetching standards:
2024-12-17 11:56:49 [ERROR]: Unhandled Error: template not found: error.html
2024-12-17 11:56:50 [ERROR]: Error fetching standards from Strapi: 
2024-12-17 11:56:50 [ERROR]: Error fetching standards:
2024-12-17 11:56:50 [ERROR]: Unhandled Error: template not found: error.html
2024-12-17 11:57:34 [ERROR]: Error fetching standards from Strapi: 
2024-12-17 11:57:34 [ERROR]: Error fetching standards:
2024-12-17 11:57:34 [ERROR]: Unhandled Error: template not found: error.html
2024-12-17 11:57:37 [ERROR]: Error fetching category from Strapi: 
2024-12-17 11:57:37 [ERROR]: Error fetching categories:
2024-12-17 11:57:37 [ERROR]: Unhandled Error: template not found: error.html
2024-12-17 11:58:10 [ERROR]: Error fetching standards from Strapi: 
2024-12-17 11:58:10 [ERROR]: Error fetching standards:
2024-12-17 11:58:10 [ERROR]: Unhandled Error: template not found: error.html
2024-12-17 11:59:31 [ERROR]: Error fetching standards from Strapi: 
2024-12-17 11:59:31 [ERROR]: Error fetching standards:
2024-12-17 11:59:31 [ERROR]: Unhandled Error: template not found: error.html
2024-12-17 11:59:33 [ERROR]: Error fetching standards from Strapi: 
2024-12-17 11:59:33 [ERROR]: Error fetching standards:
2024-12-17 11:59:33 [ERROR]: Unhandled Error: template not found: error.html
2024-12-17 12:02:06 [ERROR]: Error fetching category from Strapi: 
2024-12-17 12:02:06 [ERROR]: Error fetching categories:
2024-12-17 12:02:06 [ERROR]: Unhandled Error: template not found: error.html
2024-12-17 12:06:48 [ERROR]: Error fetching active categories titles and slugs: Cannot read properties of undefined (reading 'active')
2024-12-17 12:06:48 [ERROR]: Error fetching standards: Cannot read properties of undefined (reading 'active')
2024-12-17 12:06:48 [ERROR]: Unhandled Error: template not found: error.html
2024-12-17 12:08:52 [ERROR]: Error fetching active categories titles and slugs from Strapi: Cannot destructure property 'title' of 'category.attributes' as it is undefined.
2024-12-17 12:08:52 [ERROR]: Error fetching standards: Cannot destructure property 'title' of 'category.attributes' as it is undefined.
2024-12-17 12:08:52 [ERROR]: Unhandled Error: template not found: error.html
2024-12-17 12:18:22 [ERROR]: Error fetching standards from Strapi: Request failed with status code 400
2024-12-17 12:18:22 [ERROR]: Error fetching standards: Request failed with status code 400
2024-12-17 12:18:22 [ERROR]: Unhandled Error: template not found: error.html
2024-12-17 12:18:23 [ERROR]: Error fetching standards from Strapi: Request failed with status code 400
2024-12-17 12:18:23 [ERROR]: Error fetching standards: Request failed with status code 400
2024-12-17 12:18:23 [ERROR]: Unhandled Error: template not found: error.html
2024-12-17 12:19:50 [ERROR]: Error fetching standards from Strapi: Request failed with status code 400
2024-12-17 12:19:50 [ERROR]: Error fetching standards: Request failed with status code 400
2024-12-17 12:19:50 [ERROR]: Unhandled Error: template not found: error.html
2024-12-17 12:21:49 [ERROR]: Error fetching standards from Strapi: Request failed with status code 400
2024-12-17 12:21:49 [ERROR]: Error fetching standards: Request failed with status code 400
2024-12-17 12:21:49 [ERROR]: Unhandled Error: template not found: error.html
2024-12-17 12:22:13 [ERROR]: Error fetching standards from Strapi: Request failed with status code 400
2024-12-17 12:22:13 [ERROR]: Error fetching standards: Request failed with status code 400
2024-12-17 12:22:13 [ERROR]: Unhandled Error: template not found: error.html
2024-12-17 12:33:49 [ERROR]: Error fetching standards from Strapi: Request failed with status code 400
2024-12-17 12:33:49 [ERROR]: Error fetching standards: Request failed with status code 400
2024-12-17 12:33:49 [ERROR]: Unhandled Error: template not found: error.html
2024-12-17 12:34:30 [ERROR]: Error fetching standards from Strapi: Request failed with status code 400
2024-12-17 12:34:30 [ERROR]: Error fetching standards: Request failed with status code 400
2024-12-17 12:34:30 [ERROR]: Unhandled Error: template not found: error.html
2024-12-17 12:35:15 [ERROR]: Error fetching standards from Strapi: Request failed with status code 400
2024-12-17 12:35:15 [ERROR]: Error fetching standards: Request failed with status code 400
2024-12-17 12:35:15 [ERROR]: Unhandled Error: template not found: error.html
2024-12-17 12:36:05 [ERROR]: Error fetching standards from Strapi: AxiosError: Request failed with status code 400
2024-12-17 12:36:05 [ERROR]: Error fetching standards: Request failed with status code 400
2024-12-17 12:36:05 [ERROR]: Unhandled Error: template not found: error.html
2024-12-17 12:36:59 [ERROR]: Error fetching standards from Strapi: AxiosError: Request failed with status code 400
2024-12-17 12:36:59 [ERROR]: Error fetching standards: Request failed with status code 400
2024-12-17 12:36:59 [ERROR]: Unhandled Error: template not found: error.html
2024-12-17 12:37:00 [ERROR]: Error fetching standards from Strapi: AxiosError: Request failed with status code 400
2024-12-17 12:37:00 [ERROR]: Error fetching standards: Request failed with status code 400
2024-12-17 12:37:00 [ERROR]: Unhandled Error: template not found: error.html
2024-12-17 12:37:01 [ERROR]: Error fetching standards from Strapi: AxiosError: Request failed with status code 400
2024-12-17 12:37:01 [ERROR]: Error fetching standards: Request failed with status code 400
2024-12-17 12:37:01 [ERROR]: Unhandled Error: template not found: error.html
2024-12-17 12:41:59 [ERROR]: Error fetching standards from Strapi: AxiosError: Request failed with status code 400
2024-12-17 12:41:59 [ERROR]: Request failed with status code 400
2024-12-17 12:41:59 [ERROR]: Unhandled Error: template not found: error.html
2024-12-17 12:43:43 [ERROR]: Request failed with status code 400
2024-12-17 12:43:43 [ERROR]: Request failed with status code 400
2024-12-17 12:43:43 [ERROR]: Unhandled Error: template not found: error.html
2024-12-17 12:44:02 [ERROR]: Request failed with status code 400
2024-12-17 12:44:02 [ERROR]: Request failed with status code 400
2024-12-17 12:44:02 [ERROR]: Unhandled Error: template not found: error.html
2024-12-17 12:44:45 [ERROR]: Request failed with status code 400
2024-12-17 12:44:45 [ERROR]: Request failed with status code 400
2024-12-17 12:44:45 [ERROR]: Unhandled Error: template not found: error.html
2024-12-17 12:44:59 [ERROR]: Request failed with status code 400
2024-12-17 12:44:59 [ERROR]: Request failed with status code 400
2024-12-17 12:44:59 [ERROR]: Unhandled Error: template not found: error.html
2024-12-17 12:44:59 [ERROR]: Request failed with status code 400
2024-12-17 12:44:59 [ERROR]: Request failed with status code 400
2024-12-17 12:44:59 [ERROR]: Unhandled Error: template not found: error.html
2024-12-17 12:45:24 [ERROR]: Request failed with status code 400
2024-12-17 12:45:24 [ERROR]: Request failed with status code 400
2024-12-17 12:45:24 [ERROR]: Unhandled Error: template not found: error.html
2024-12-17 12:45:27 [ERROR]: Request failed with status code 400
2024-12-17 12:45:27 [ERROR]: Request failed with status code 400
2024-12-17 12:45:27 [ERROR]: Unhandled Error: template not found: error.html
2024-12-17 12:46:48 [ERROR]: Request failed with status code 400
2024-12-17 12:46:48 [ERROR]: Request failed with status code 400
2024-12-17 12:46:48 [ERROR]: Unhandled Error: template not found: error.html
2024-12-17 12:46:49 [ERROR]: Request failed with status code 400
2024-12-17 12:46:49 [ERROR]: Request failed with status code 400
2024-12-17 12:46:49 [ERROR]: Unhandled Error: template not found: error.html
2024-12-17 12:47:52 [ERROR]: Request failed with status code 400
2024-12-17 12:47:52 [ERROR]: Request failed with status code 400
2024-12-17 12:47:52 [ERROR]: Unhandled Error: template not found: error.html
2024-12-17 12:47:53 [ERROR]: Request failed with status code 400
2024-12-17 12:47:53 [ERROR]: Request failed with status code 400
2024-12-17 12:47:53 [ERROR]: Unhandled Error: template not found: error.html
2024-12-17 13:48:47 [ERROR]: Unhandled Error: template not found: 404.html
2024-12-17 14:05:50 [ERROR]: Error fetching standard with slug "accessibility-statements" from Strapi: Request failed with status code 404
2024-12-17 14:05:50 [ERROR]: Request failed with status code 404
2024-12-17 14:05:50 [ERROR]: Unhandled Error: template not found: error.html
2024-12-17 14:06:32 [ERROR]: Error fetching standard with slug "accessibility-statements" from Strapi: Request failed with status code 404
2024-12-17 14:06:32 [ERROR]: Request failed with status code 404
2024-12-17 14:06:32 [ERROR]: Unhandled Error: template not found: error.html
2024-12-17 14:06:33 [ERROR]: Error fetching standard with slug "accessibility-statements" from Strapi: Request failed with status code 404
2024-12-17 14:06:33 [ERROR]: Request failed with status code 404
2024-12-17 14:06:33 [ERROR]: Unhandled Error: template not found: error.html
2024-12-17 14:06:58 [ERROR]: Error fetching standard with slug "accessibility-statements" from Strapi: Request failed with status code 404
2024-12-17 14:06:58 [ERROR]: Request failed with status code 404
2024-12-17 14:06:58 [ERROR]: Unhandled Error: template not found: error.html
2024-12-17 14:06:59 [ERROR]: Error fetching standard with slug "accessibility-statements" from Strapi: Request failed with status code 404
2024-12-17 14:06:59 [ERROR]: Request failed with status code 404
2024-12-17 14:06:59 [ERROR]: Unhandled Error: template not found: error.html
2024-12-17 14:07:00 [ERROR]: Error fetching standard with slug "accessibility-statements" from Strapi: Request failed with status code 404
2024-12-17 14:07:00 [ERROR]: Request failed with status code 404
2024-12-17 14:07:00 [ERROR]: Unhandled Error: template not found: error.html
2024-12-17 14:09:38 [ERROR]: Error fetching standard with slug "accessibility-statements" from Strapi: Request failed with status code 404
2024-12-17 14:09:38 [ERROR]: Request failed with status code 404
2024-12-17 14:09:38 [ERROR]: Unhandled Error: template not found: error.html
2024-12-17 14:09:54 [ERROR]: Error fetching standard with slug "accessibility-statements" from Strapi: Request failed with status code 404
2024-12-17 14:09:54 [ERROR]: Request failed with status code 404
2024-12-17 14:09:54 [ERROR]: Unhandled Error: template not found: error.html
2024-12-17 14:09:56 [ERROR]: Error fetching standard with slug "accessibility-statements" from Strapi: Request failed with status code 404
2024-12-17 14:09:56 [ERROR]: Request failed with status code 404
2024-12-17 14:09:56 [ERROR]: Unhandled Error: template not found: error.html
2024-12-17 19:14:09 [ERROR]: Unhandled Error: (/Users/andyjones/dfe-standards/dfe-standards-manual/app/views/standards/standard/index.html) [Line 90, Column 21]
  unexpected token: }}
2024-12-17 19:19:06 [ERROR]: Error fetching standard with slug "accessibility-statements" from Strapi: Request failed with status code 400
2024-12-17 19:19:06 [ERROR]: Request failed with status code 400
2024-12-17 19:19:06 [ERROR]: Unhandled Error: template not found: error.html
2024-12-17 19:19:10 [ERROR]: Error fetching standard with slug "accessibility-statements" from Strapi: Request failed with status code 400
2024-12-17 19:19:10 [ERROR]: Request failed with status code 400
2024-12-17 19:19:10 [ERROR]: Unhandled Error: template not found: error.html
2024-12-17 20:24:21 [ERROR]: Error fetching standard with slug "accessibility-statements" from Strapi: Request failed with status code 400
2024-12-17 20:24:21 [ERROR]: Request failed with status code 400
2024-12-17 20:24:21 [ERROR]: Unhandled Error: template not found: error.html
2024-12-17 20:24:23 [ERROR]: Error fetching standard with slug "accessibility-statements" from Strapi: Request failed with status code 400
2024-12-17 20:24:23 [ERROR]: Request failed with status code 400
2024-12-17 20:24:23 [ERROR]: Unhandled Error: template not found: error.html
2024-12-17 20:24:23 [ERROR]: Error fetching standard with slug "accessibility-statements" from Strapi: Request failed with status code 400
2024-12-17 20:24:23 [ERROR]: Request failed with status code 400
2024-12-17 20:24:23 [ERROR]: Unhandled Error: template not found: error.html
2024-12-17 20:30:51 [ERROR]: Error fetching standard with slug "accessibility-statements" from Strapi: Request failed with status code 400
2024-12-17 20:30:51 [ERROR]: Request failed with status code 400
2024-12-17 20:30:51 [ERROR]: Unhandled Error: template not found: error.html
2024-12-17 20:30:52 [ERROR]: Error fetching standard with slug "accessibility-statements" from Strapi: Request failed with status code 400
2024-12-17 20:30:52 [ERROR]: Request failed with status code 400
2024-12-17 20:30:52 [ERROR]: Unhandled Error: template not found: error.html
2024-12-17 20:30:53 [ERROR]: Error fetching standard with slug "accessibility-statements" from Strapi: Request failed with status code 400
2024-12-17 20:30:53 [ERROR]: Request failed with status code 400
2024-12-17 20:30:53 [ERROR]: Unhandled Error: template not found: error.html
2024-12-17 20:31:28 [ERROR]: Error fetching standard with slug "accessibility-statements" from Strapi: Request failed with status code 400
2024-12-17 20:31:28 [ERROR]: Request failed with status code 400
2024-12-17 20:31:28 [ERROR]: Unhandled Error: template not found: error.html
2024-12-17 20:32:16 [ERROR]: Error fetching standard with slug "accessibility-statements" from Strapi: Request failed with status code 400
2024-12-17 20:32:16 [ERROR]: Request failed with status code 400
2024-12-17 20:32:16 [ERROR]: Unhandled Error: template not found: error.html
2024-12-17 20:32:17 [ERROR]: Error fetching standard with slug "accessibility-statements" from Strapi: Request failed with status code 400
2024-12-17 20:32:17 [ERROR]: Request failed with status code 400
2024-12-17 20:32:17 [ERROR]: Unhandled Error: template not found: error.html
2024-12-17 20:32:17 [ERROR]: Error fetching standard with slug "accessibility-statements" from Strapi: Request failed with status code 400
2024-12-17 20:32:17 [ERROR]: Request failed with status code 400
2024-12-17 20:32:17 [ERROR]: Unhandled Error: template not found: error.html
2024-12-17 20:34:14 [ERROR]: Error fetching standard with slug "accessibility-statements" from Strapi: Request failed with status code 400
2024-12-17 20:34:14 [ERROR]: Request failed with status code 400
2024-12-17 20:34:14 [ERROR]: Unhandled Error: template not found: error.html
2024-12-17 20:35:08 [ERROR]: Error fetching standard with slug "accessibility-statements" from Strapi: Request failed with status code 400
2024-12-17 20:35:08 [ERROR]: Request failed with status code 400
2024-12-17 20:35:08 [ERROR]: Unhandled Error: template not found: error.html
2024-12-17 20:36:08 [ERROR]: Error fetching standard with slug "accessibility-statements" from Strapi: Request failed with status code 400
2024-12-17 20:36:08 [ERROR]: Request failed with status code 400
2024-12-17 20:36:08 [ERROR]: Unhandled Error: template not found: error.html
2024-12-17 20:36:08 [ERROR]: Error fetching standard with slug "accessibility-statements" from Strapi: Request failed with status code 400
2024-12-17 20:36:08 [ERROR]: Request failed with status code 400
2024-12-17 20:36:08 [ERROR]: Unhandled Error: template not found: error.html
2024-12-17 20:36:09 [ERROR]: Error fetching standard with slug "accessibility-statements" from Strapi: Request failed with status code 400
2024-12-17 20:36:09 [ERROR]: Request failed with status code 400
2024-12-17 20:36:09 [ERROR]: Unhandled Error: template not found: error.html
2024-12-17 20:36:15 [ERROR]: Error fetching standard with slug "accessibility-statements" from Strapi: Request failed with status code 400
2024-12-17 20:36:15 [ERROR]: Request failed with status code 400
2024-12-17 20:36:15 [ERROR]: Unhandled Error: template not found: error.html
2024-12-17 20:36:16 [ERROR]: Error fetching standard with slug "accessibility-statements" from Strapi: Request failed with status code 400
2024-12-17 20:36:16 [ERROR]: Request failed with status code 400
2024-12-17 20:36:16 [ERROR]: Unhandled Error: template not found: error.html
2024-12-17 20:36:20 [ERROR]: Error fetching standard with slug "accessibility-statements" from Strapi: Request failed with status code 400
2024-12-17 20:36:20 [ERROR]: Request failed with status code 400
2024-12-17 20:36:20 [ERROR]: Unhandled Error: template not found: error.html
2024-12-17 20:36:21 [ERROR]: Error fetching standard with slug "accessibility-statements" from Strapi: Request failed with status code 400
2024-12-17 20:36:21 [ERROR]: Request failed with status code 400
2024-12-17 20:36:21 [ERROR]: Unhandled Error: template not found: error.html
2024-12-17 20:37:00 [ERROR]: Error fetching standard with slug "accessibility-statements" from Strapi: Request failed with status code 400
2024-12-17 20:37:00 [ERROR]: Request failed with status code 400
2024-12-17 20:37:00 [ERROR]: Unhandled Error: template not found: error.html
2024-12-17 20:37:21 [ERROR]: Error fetching standard with slug "accessibility-statements" from Strapi: Request failed with status code 400
2024-12-17 20:37:21 [ERROR]: Request failed with status code 400
2024-12-17 20:37:21 [ERROR]: Unhandled Error: template not found: error.html
2024-12-17 20:37:43 [ERROR]: Error fetching standard with slug "accessibility-statements" from Strapi: Request failed with status code 400
2024-12-17 20:37:43 [ERROR]: Request failed with status code 400
2024-12-17 20:37:43 [ERROR]: Unhandled Error: template not found: error.html
2024-12-18 08:23:57 [ERROR]: Unhandled Error: (/Users/andyjones/dfe-standards/dfe-standards-manual/app/views/index.html)
  Template render error: (/Users/andyjones/dfe-standards/dfe-standards-manual/app/views/layouts/_header.html) [Line 17, Column 22]
  parseAggregate: expected comma after expression
2024-12-18 08:23:58 [ERROR]: Unhandled Error: (/Users/andyjones/dfe-standards/dfe-standards-manual/app/views/index.html)
  Template render error: (/Users/andyjones/dfe-standards/dfe-standards-manual/app/views/layouts/_header.html) [Line 17, Column 22]
  parseAggregate: expected comma after expression
2024-12-18 08:26:35 [ERROR]: Unhandled Error: template not found: old-index.html
2024-12-18 08:26:37 [ERROR]: Unhandled Error: template not found: old-index.html
2024-12-18 08:26:51 [ERROR]: Unhandled Error: template not found: old-index.html
2024-12-18 08:27:31 [ERROR]: Unhandled Error: template not found: old-index.html
2024-12-18 08:27:32 [ERROR]: Unhandled Error: template not found: old-index.html
2024-12-18 08:27:33 [ERROR]: Unhandled Error: template not found: old-index.html
2024-12-18 08:27:33 [ERROR]: Unhandled Error: template not found: old-index.html
2024-12-18 08:27:33 [ERROR]: Unhandled Error: template not found: old-index.html
2024-12-18 08:28:23 [ERROR]: Unhandled Error: template not found: old-index.html
2024-12-18 08:28:45 [ERROR]: Unhandled Error: template not found: old-index.html
2024-12-18 08:29:48 [ERROR]: Unhandled Error: template not found: old-index.html
2024-12-18 08:29:49 [ERROR]: Unhandled Error: template not found: old-index.html
2024-12-18 08:29:49 [ERROR]: Unhandled Error: template not found: old-index.html
2024-12-18 08:30:20 [ERROR]: Unhandled Error: template not found: old-index.html
2024-12-18 08:30:21 [ERROR]: Unhandled Error: template not found: old-index.html
2024-12-18 08:30:21 [ERROR]: Unhandled Error: template not found: old-index.html
2024-12-18 08:30:21 [ERROR]: Unhandled Error: template not found: old-index.html
2024-12-18 08:30:22 [ERROR]: Unhandled Error: template not found: old-index.html
2024-12-18 08:30:22 [ERROR]: Unhandled Error: template not found: old-index.html
2024-12-18 08:30:22 [ERROR]: Unhandled Error: template not found: old-index.html
2024-12-18 08:30:22 [ERROR]: Unhandled Error: template not found: old-index.html
2024-12-18 09:19:34 [ERROR]: Unhandled Error: template not found: 404.html
2024-12-18 09:44:05 [ERROR]: Unhandled Error: (/Users/andyjones/dfe-standards/dfe-standards-manual/app/views/guidance/index.html)
  Error: template not found: includes/_side-nav.html
2024-12-18 09:44:05 [ERROR]: Unhandled Error: (/Users/andyjones/dfe-standards/dfe-standards-manual/app/views/guidance/index.html)
  Error: template not found: includes/_side-nav.html
2024-12-18 09:44:15 [ERROR]: Unhandled Error: (/Users/andyjones/dfe-standards/dfe-standards-manual/app/views/guidance/index.html)
  Error: template not found: partials/_side-nav.html
2024-12-18 09:44:15 [ERROR]: Unhandled Error: (/Users/andyjones/dfe-standards/dfe-standards-manual/app/views/guidance/index.html)
  Error: template not found: partials/_side-nav.html
2024-12-18 09:44:46 [ERROR]: Unhandled Error: (/Users/andyjones/dfe-standards/dfe-standards-manual/app/views/guidance/index.html)
  Error: template not found: /Users/andyjones/dfe-standards/dfe-standards-manual/app/views/guidance/partials/_side-nav.html
2024-12-18 09:44:52 [ERROR]: Unhandled Error: (/Users/andyjones/dfe-standards/dfe-standards-manual/app/views/guidance/index.html)
  Error: template not found: /Users/andyjones/dfe-standards/dfe-standards-manual/app/views/partials/_side-nav.html
2024-12-18 09:44:53 [ERROR]: Unhandled Error: (/Users/andyjones/dfe-standards/dfe-standards-manual/app/views/guidance/index.html)
  Error: template not found: /Users/andyjones/dfe-standards/dfe-standards-manual/app/views/partials/_side-nav.html
2024-12-18 09:44:53 [ERROR]: Unhandled Error: (/Users/andyjones/dfe-standards/dfe-standards-manual/app/views/guidance/index.html)
  Error: template not found: /Users/andyjones/dfe-standards/dfe-standards-manual/app/views/partials/_side-nav.html
2024-12-18 09:44:54 [ERROR]: Unhandled Error: (/Users/andyjones/dfe-standards/dfe-standards-manual/app/views/guidance/index.html)
  Error: template not found: /Users/andyjones/dfe-standards/dfe-standards-manual/app/views/partials/_side-nav.html
2024-12-18 09:45:06 [ERROR]: Unhandled Error: (/Users/andyjones/dfe-standards/dfe-standards-manual/app/views/guidance/index.html)
  Template render error: (/Users/andyjones/dfe-standards/dfe-standards-manual/app/views/partials/_sidenav.html) [Line 73, Column 4]
  unknown block tag: endif
2024-12-18 09:45:06 [ERROR]: Unhandled Error: (/Users/andyjones/dfe-standards/dfe-standards-manual/app/views/guidance/index.html)
  Template render error: (/Users/andyjones/dfe-standards/dfe-standards-manual/app/views/partials/_sidenav.html) [Line 73, Column 4]
  unknown block tag: endif
2024-12-18 09:45:07 [ERROR]: Unhandled Error: (/Users/andyjones/dfe-standards/dfe-standards-manual/app/views/guidance/index.html)
  Template render error: (/Users/andyjones/dfe-standards/dfe-standards-manual/app/views/partials/_sidenav.html) [Line 73, Column 4]
  unknown block tag: endif
2024-12-18 09:45:13 [ERROR]: Unhandled Error: (/Users/andyjones/dfe-standards/dfe-standards-manual/app/views/guidance/index.html)
  Error: template not found: /partials/_sidenav.html
2024-12-18 09:45:58 [ERROR]: Unhandled Error: (/Users/andyjones/dfe-standards/dfe-standards-manual/app/views/guidance/index.html)
  Error: template not found: /partials/_sidenav.html
2024-12-18 09:46:13 [ERROR]: Unhandled Error: (/Users/andyjones/dfe-standards/dfe-standards-manual/app/views/guidance/index.html)
  Template render error: (/Users/andyjones/dfe-standards/dfe-standards-manual/app/views/partials/_sidenav.html) [Line 73, Column 4]
  unknown block tag: endif
2024-12-18 09:46:21 [ERROR]: Unhandled Error: (/Users/andyjones/dfe-standards/dfe-standards-manual/app/views/guidance/index.html)
  Template render error: (/Users/andyjones/dfe-standards/dfe-standards-manual/app/views/partials/_sidenav.html) [Line 73, Column 4]
  unknown block tag: endif
2024-12-18 09:46:22 [ERROR]: Unhandled Error: (/Users/andyjones/dfe-standards/dfe-standards-manual/app/views/guidance/index.html)
  Template render error: (/Users/andyjones/dfe-standards/dfe-standards-manual/app/views/partials/_sidenav.html) [Line 73, Column 4]
  unknown block tag: endif
2024-12-18 09:46:22 [ERROR]: Unhandled Error: (/Users/andyjones/dfe-standards/dfe-standards-manual/app/views/guidance/index.html)
  Template render error: (/Users/andyjones/dfe-standards/dfe-standards-manual/app/views/partials/_sidenav.html) [Line 73, Column 4]
  unknown block tag: endif
2024-12-18 09:46:23 [ERROR]: Unhandled Error: (/Users/andyjones/dfe-standards/dfe-standards-manual/app/views/guidance/index.html)
  Template render error: (/Users/andyjones/dfe-standards/dfe-standards-manual/app/views/partials/_sidenav.html) [Line 73, Column 4]
  unknown block tag: endif
2024-12-18 09:46:23 [ERROR]: Unhandled Error: (/Users/andyjones/dfe-standards/dfe-standards-manual/app/views/guidance/index.html)
  Template render error: (/Users/andyjones/dfe-standards/dfe-standards-manual/app/views/partials/_sidenav.html) [Line 73, Column 4]
  unknown block tag: endif
2024-12-18 09:46:23 [ERROR]: Unhandled Error: (/Users/andyjones/dfe-standards/dfe-standards-manual/app/views/guidance/index.html)
  Template render error: (/Users/andyjones/dfe-standards/dfe-standards-manual/app/views/partials/_sidenav.html) [Line 73, Column 4]
  unknown block tag: endif
2024-12-18 09:46:23 [ERROR]: Unhandled Error: (/Users/andyjones/dfe-standards/dfe-standards-manual/app/views/guidance/index.html)
  Template render error: (/Users/andyjones/dfe-standards/dfe-standards-manual/app/views/partials/_sidenav.html) [Line 73, Column 4]
  unknown block tag: endif
2024-12-18 09:46:32 [ERROR]: Unhandled Error: (/Users/andyjones/dfe-standards/dfe-standards-manual/app/views/guidance/index.html)
  Error: template not found: _sidenav.html
2024-12-18 09:46:32 [ERROR]: Unhandled Error: (/Users/andyjones/dfe-standards/dfe-standards-manual/app/views/guidance/index.html)
  Error: template not found: _sidenav.html
2024-12-18 09:46:33 [ERROR]: Unhandled Error: (/Users/andyjones/dfe-standards/dfe-standards-manual/app/views/guidance/index.html)
  Error: template not found: _sidenav.html
2024-12-18 09:46:33 [ERROR]: Unhandled Error: (/Users/andyjones/dfe-standards/dfe-standards-manual/app/views/guidance/index.html)
  Error: template not found: _sidenav.html
2024-12-18 09:46:33 [ERROR]: Unhandled Error: (/Users/andyjones/dfe-standards/dfe-standards-manual/app/views/guidance/index.html)
  Error: template not found: _sidenav.html
2024-12-18 09:46:33 [ERROR]: Unhandled Error: (/Users/andyjones/dfe-standards/dfe-standards-manual/app/views/guidance/index.html)
  Error: template not found: _sidenav.html
2024-12-18 09:46:33 [ERROR]: Unhandled Error: (/Users/andyjones/dfe-standards/dfe-standards-manual/app/views/guidance/index.html)
  Error: template not found: _sidenav.html
2024-12-18 09:46:33 [ERROR]: Unhandled Error: (/Users/andyjones/dfe-standards/dfe-standards-manual/app/views/guidance/index.html)
  Error: template not found: _sidenav.html
2024-12-18 09:46:58 [ERROR]: Unhandled Error: (/Users/andyjones/dfe-standards/dfe-standards-manual/app/views/guidance/index.html)
  Template render error: (/Users/andyjones/dfe-standards/dfe-standards-manual/app/views/partials/_sidenav.html) [Line 73, Column 4]
  unknown block tag: endif
2024-12-18 09:47:09 [ERROR]: Unhandled Error: (/Users/andyjones/dfe-standards/dfe-standards-manual/app/views/guidance/index.html)
  Error: template not found: app/views/partials/_sidenav.html
2024-12-18 09:47:10 [ERROR]: Unhandled Error: (/Users/andyjones/dfe-standards/dfe-standards-manual/app/views/guidance/index.html)
  Error: template not found: app/views/partials/_sidenav.html
2024-12-18 09:47:10 [ERROR]: Unhandled Error: (/Users/andyjones/dfe-standards/dfe-standards-manual/app/views/guidance/index.html)
  Error: template not found: app/views/partials/_sidenav.html
2024-12-18 09:47:10 [ERROR]: Unhandled Error: (/Users/andyjones/dfe-standards/dfe-standards-manual/app/views/guidance/index.html)
  Error: template not found: app/views/partials/_sidenav.html
2024-12-18 09:47:10 [ERROR]: Unhandled Error: (/Users/andyjones/dfe-standards/dfe-standards-manual/app/views/guidance/index.html)
  Error: template not found: app/views/partials/_sidenav.html
2024-12-18 09:47:10 [ERROR]: Unhandled Error: (/Users/andyjones/dfe-standards/dfe-standards-manual/app/views/guidance/index.html)
  Error: template not found: app/views/partials/_sidenav.html
2024-12-18 09:47:10 [ERROR]: Unhandled Error: (/Users/andyjones/dfe-standards/dfe-standards-manual/app/views/guidance/index.html)
  Error: template not found: app/views/partials/_sidenav.html
2024-12-18 09:47:11 [ERROR]: Unhandled Error: (/Users/andyjones/dfe-standards/dfe-standards-manual/app/views/guidance/index.html)
  Error: template not found: app/views/partials/_sidenav.html
2024-12-18 09:47:11 [ERROR]: Unhandled Error: (/Users/andyjones/dfe-standards/dfe-standards-manual/app/views/guidance/index.html)
  Error: template not found: app/views/partials/_sidenav.html
2024-12-18 09:47:11 [ERROR]: Unhandled Error: (/Users/andyjones/dfe-standards/dfe-standards-manual/app/views/guidance/index.html)
  Error: template not found: app/views/partials/_sidenav.html
2024-12-18 09:47:16 [ERROR]: Unhandled Error: (/Users/andyjones/dfe-standards/dfe-standards-manual/app/views/guidance/index.html)
  Error: template not found: app/views/partials/_sidenav.html
2024-12-18 09:47:17 [ERROR]: Unhandled Error: (/Users/andyjones/dfe-standards/dfe-standards-manual/app/views/guidance/index.html)
  Error: template not found: app/views/partials/_sidenav.html
2024-12-18 09:47:24 [ERROR]: Unhandled Error: (/Users/andyjones/dfe-standards/dfe-standards-manual/app/views/guidance/index.html)
  Error: template not found: views/partials/_sidenav.html
2024-12-18 09:47:29 [ERROR]: Unhandled Error: (/Users/andyjones/dfe-standards/dfe-standards-manual/app/views/guidance/index.html)
  Template render error: (/Users/andyjones/dfe-standards/dfe-standards-manual/app/views/partials/_sidenav.html) [Line 73, Column 4]
  unknown block tag: endif
2024-12-18 09:47:55 [ERROR]: Unhandled Error: (/Users/andyjones/dfe-standards/dfe-standards-manual/app/views/guidance/index.html)
  Template render error: (/Users/andyjones/dfe-standards/dfe-standards-manual/app/views/layouts/_sidenav.html) [Line 73, Column 4]
  unknown block tag: endif
2024-12-18 09:47:56 [ERROR]: Unhandled Error: (/Users/andyjones/dfe-standards/dfe-standards-manual/app/views/guidance/index.html)
  Template render error: (/Users/andyjones/dfe-standards/dfe-standards-manual/app/views/layouts/_sidenav.html) [Line 73, Column 4]
  unknown block tag: endif
2024-12-18 09:47:57 [ERROR]: Unhandled Error: (/Users/andyjones/dfe-standards/dfe-standards-manual/app/views/guidance/index.html)
  Template render error: (/Users/andyjones/dfe-standards/dfe-standards-manual/app/views/layouts/_sidenav.html) [Line 73, Column 4]
  unknown block tag: endif
2024-12-18 09:48:26 [ERROR]: Unhandled Error: (/Users/andyjones/dfe-standards/dfe-standards-manual/app/views/guidance/index.html)
  Template render error: (/Users/andyjones/dfe-standards/dfe-standards-manual/app/views/layouts/_sidenav.html) [Line 73, Column 4]
  unknown block tag: endif
2024-12-18 09:49:11 [ERROR]: Unhandled Error: (/Users/andyjones/dfe-standards/dfe-standards-manual/app/views/guidance/index.html)
  Template render error: (/Users/andyjones/dfe-standards/dfe-standards-manual/app/views/layouts/_sidenav.html) [Line 73, Column 4]
  unknown block tag: endif
2024-12-18 09:49:12 [ERROR]: Unhandled Error: (/Users/andyjones/dfe-standards/dfe-standards-manual/app/views/guidance/index.html)
  Template render error: (/Users/andyjones/dfe-standards/dfe-standards-manual/app/views/layouts/_sidenav.html) [Line 73, Column 4]
  unknown block tag: endif
2024-12-18 09:50:02 [ERROR]: Unhandled Error: (/Users/andyjones/dfe-standards/dfe-standards-manual/app/views/guidance/index.html)
  Error: template not found: layouts/_sidenav.html
2024-12-18 09:55:47 [ERROR]: Unhandled Error: template not found: 404.html
2024-12-18 10:01:17 [ERROR]: Unhandled Error: template not found: 404.html
2024-12-18 10:01:51 [ERROR]: Unhandled Error: (/Users/andyjones/dfe-standards/dfe-standards-manual/app/views/guidance/definitions.html)
  Error: template not found: includes/_sidenav.html
2024-12-18 10:02:15 [ERROR]: Unhandled Error: template not found: 404.html
2024-12-18 10:02:22 [ERROR]: Unhandled Error: template not found: 404.html
2024-12-18 10:02:28 [ERROR]: Unhandled Error: template not found: 404.html
2024-12-18 10:02:37 [ERROR]: Unhandled Error: template not found: 404.html
2024-12-18 10:23:02 [ERROR]: Unhandled Error: template not found: 404.html
2024-12-18 10:23:47 [ERROR]: Unhandled Error: template not found: 404.html
2024-12-18 10:25:41 [ERROR]: Unhandled Error: template not found: 404.html
2024-12-18 10:26:42 [ERROR]: Unhandled Error: (/Users/andyjones/dfe-standards/dfe-standards-manual/app/views/guidance/categories.html)
  Error: template not found: includes/_side-nav.html
2024-12-18 10:26:43 [ERROR]: Unhandled Error: (/Users/andyjones/dfe-standards/dfe-standards-manual/app/views/guidance/categories.html)
  Error: template not found: includes/_side-nav.html
2024-12-18 10:27:04 [ERROR]: Unhandled Error: (/Users/andyjones/dfe-standards/dfe-standards-manual/app/views/guidance/categories.html)
  Error: template not found: includes/_side-nav.html
2024-12-18 10:55:15 [ERROR]: Unhandled Error: (/Users/andyjones/dfe-standards/dfe-standards-manual/app/views/guidance/forum.html)
  Error: template not found: includes/_side-nav.html
2024-12-18 10:55:16 [ERROR]: Unhandled Error: (/Users/andyjones/dfe-standards/dfe-standards-manual/app/views/guidance/forum.html)
  Error: template not found: includes/_side-nav.html
2024-12-18 12:56:37 [ERROR]: Unhandled Error: template not found: 404.html
2024-12-18 12:57:13 [ERROR]: Unhandled Error: template not found: 404.html
